Performing C SOURCE FILE Test CMAKE_HAVE_LIBC_PTHREAD failed with the following output:
Change Dir: /home/cu-robotics/buff-code/src/rknn_buffnet/build/build_linux_aarch64/CMakeFiles/CMakeTmp

Run Build Command(s):/usr/bin/make cmTC_e8a22/fast && /usr/bin/make -f CMakeFiles/cmTC_e8a22.dir/build.make CMakeFiles/cmTC_e8a22.dir/build
make[1]: Entering directory '/home/cu-robotics/buff-code/src/rknn_buffnet/build/build_linux_aarch64/CMakeFiles/CMakeTmp'
Building C object CMakeFiles/cmTC_e8a22.dir/src.c.o
/usr/bin/aarch64-linux-gnu-gcc   -Wl,--allow-shlib-undefined -DCMAKE_HAVE_LIBC_PTHREAD   -o CMakeFiles/cmTC_e8a22.dir/src.c.o   -c /home/cu-robotics/buff-code/src/rknn_buffnet/build/build_linux_aarch64/CMakeFiles/CMakeTmp/src.c
Linking C executable cmTC_e8a22
/usr/bin/cmake -E cmake_link_script CMakeFiles/cmTC_e8a22.dir/link.txt --verbose=1
/usr/bin/aarch64-linux-gnu-gcc  -Wl,--allow-shlib-undefined -DCMAKE_HAVE_LIBC_PTHREAD    CMakeFiles/cmTC_e8a22.dir/src.c.o  -o cmTC_e8a22 
/usr/bin/ld: CMakeFiles/cmTC_e8a22.dir/src.c.o: in function `main':
src.c:(.text+0x48): undefined reference to `pthread_create'
/usr/bin/ld: src.c:(.text+0x50): undefined reference to `pthread_detach'
/usr/bin/ld: src.c:(.text+0x5c): undefined reference to `pthread_join'
collect2: error: ld returned 1 exit status
make[1]: *** [CMakeFiles/cmTC_e8a22.dir/build.make:87: cmTC_e8a22] Error 1
make[1]: Leaving directory '/home/cu-robotics/buff-code/src/rknn_buffnet/build/build_linux_aarch64/CMakeFiles/CMakeTmp'
make: *** [Makefile:121: cmTC_e8a22/fast] Error 2


Source file was:
#include <pthread.h>

void* test_func(void* data)
{
  return data;
}

int main(void)
{
  pthread_t thread;
  pthread_create(&thread, NULL, test_func, NULL);
  pthread_detach(thread);
  pthread_join(thread, NULL);
  pthread_atfork(NULL, NULL, NULL);
  pthread_exit(NULL);

  return 0;
}

Determining if the function pthread_create exists in the pthreads failed with the following output:
Change Dir: /home/cu-robotics/buff-code/src/rknn_buffnet/build/build_linux_aarch64/CMakeFiles/CMakeTmp

Run Build Command(s):/usr/bin/make cmTC_a5f9d/fast && /usr/bin/make -f CMakeFiles/cmTC_a5f9d.dir/build.make CMakeFiles/cmTC_a5f9d.dir/build
make[1]: Entering directory '/home/cu-robotics/buff-code/src/rknn_buffnet/build/build_linux_aarch64/CMakeFiles/CMakeTmp'
Building C object CMakeFiles/cmTC_a5f9d.dir/CheckFunctionExists.c.o
/usr/bin/aarch64-linux-gnu-gcc   -Wl,--allow-shlib-undefined -DCHECK_FUNCTION_EXISTS=pthread_create   -o CMakeFiles/cmTC_a5f9d.dir/CheckFunctionExists.c.o   -c /usr/share/cmake-3.16/Modules/CheckFunctionExists.c
Linking C executable cmTC_a5f9d
/usr/bin/cmake -E cmake_link_script CMakeFiles/cmTC_a5f9d.dir/link.txt --verbose=1
/usr/bin/aarch64-linux-gnu-gcc  -Wl,--allow-shlib-undefined -DCHECK_FUNCTION_EXISTS=pthread_create    CMakeFiles/cmTC_a5f9d.dir/CheckFunctionExists.c.o  -o cmTC_a5f9d  -lpthreads 
/usr/bin/ld: cannot find -lpthreads
collect2: error: ld returned 1 exit status
make[1]: *** [CMakeFiles/cmTC_a5f9d.dir/build.make:87: cmTC_a5f9d] Error 1
make[1]: Leaving directory '/home/cu-robotics/buff-code/src/rknn_buffnet/build/build_linux_aarch64/CMakeFiles/CMakeTmp'
make: *** [Makefile:121: cmTC_a5f9d/fast] Error 2



